myHadoop: Setting MH_IPOIB_TRANSFORM='s/\([^.]*\).*$/\1.ibnet/' from myhadoop.conf
myHadoop: Setting MH_SCRATCH_DIR=/scratch/$USER/$SLURM_JOBID from myhadoop.conf
myHadoop: Using HADOOP_HOME=/opt/hadoop/2.6.0
myHadoop: Using MH_SCRATCH_DIR=/scratch/sxs2267/26930099
myHadoop: Using JAVA_HOME=/usr/java/latest
myHadoop: Generating Hadoop configuration in directory in /home/sxs2267/cometcluster...
myHadoop: Backing up old config dir to /home/sxs2267/cometcluster.0...
`/home/sxs2267/cometcluster' -> `/home/sxs2267/cometcluster.0'
myHadoop: Designating comet-22-60.ibnet as master node (namenode, secondary namenode, and jobtracker)
myHadoop: The following nodes will be slaves (datanode, tasktracer):
comet-22-60.ibnet
comet-22-61.ibnet
comet-22-62.ibnet
19/09/26 23:28:45 INFO namenode.NameNode: STARTUP_MSG: 
/************************************************************
STARTUP_MSG: Starting NameNode
STARTUP_MSG:   host = comet-22-60.sdsc.edu/198.202.119.133
STARTUP_MSG:   args = [-format]
STARTUP_MSG:   version = 2.6.0
STARTUP_MSG:   classpath = /home/sxs2267/cometcluster:/opt/hadoop/2.6.0/share/hadoop/common/lib/jackson-xc-1.9.13.jar:/opt/hadoop/2.6.0/share/hadoop/common/lib/servlet-api-2.5.jar:/opt/hadoop/2.6.0/share/hadoop/common/lib/curator-client-2.6.0.jar:/opt/hadoop/2.6.0/share/hadoop/common/lib/commons-beanutils-1.7.0.jar:/opt/hadoop/2.6.0/share/hadoop/common/lib/htrace-core-3.0.4.jar:/opt/hadoop/2.6.0/share/hadoop/common/lib/curator-framework-2.6.0.jar:/opt/hadoop/2.6.0/share/hadoop/common/lib/commons-codec-1.4.jar:/opt/hadoop/2.6.0/share/hadoop/common/lib/commons-logging-1.1.3.jar:/opt/hadoop/2.6.0/share/hadoop/common/lib/jersey-server-1.9.jar:/opt/hadoop/2.6.0/share/hadoop/common/lib/curator-recipes-2.6.0.jar:/opt/hadoop/2.6.0/share/hadoop/common/lib/jackson-jaxrs-1.9.13.jar:/opt/hadoop/2.6.0/share/hadoop/common/lib/jackson-mapper-asl-1.9.13.jar:/opt/hadoop/2.6.0/share/hadoop/common/lib/stax-api-1.0-2.jar:/opt/hadoop/2.6.0/share/hadoop/common/lib/jsr305-1.3.9.jar:/opt/hadoop/2.6.0/share/hadoop/common/lib/hadoop-auth-2.6.0.jar:/opt/hadoop/2.6.0/share/hadoop/common/lib/snappy-java-1.0.4.1.jar:/opt/hadoop/2.6.0/share/hadoop/common/lib/api-asn1-api-1.0.0-M20.jar:/opt/hadoop/2.6.0/share/hadoop/common/lib/jsch-0.1.42.jar:/opt/hadoop/2.6.0/share/hadoop/common/lib/jets3t-0.9.0.jar:/opt/hadoop/2.6.0/share/hadoop/common/lib/commons-math3-3.1.1.jar:/opt/hadoop/2.6.0/share/hadoop/common/lib/avro-1.7.4.jar:/opt/hadoop/2.6.0/share/hadoop/common/lib/jasper-runtime-5.5.23.jar:/opt/hadoop/2.6.0/share/hadoop/common/lib/apacheds-kerberos-codec-2.0.0-M15.jar:/opt/hadoop/2.6.0/share/hadoop/common/lib/commons-digester-1.8.jar:/opt/hadoop/2.6.0/share/hadoop/common/lib/jettison-1.1.jar:/opt/hadoop/2.6.0/share/hadoop/common/lib/jersey-core-1.9.jar:/opt/hadoop/2.6.0/share/hadoop/common/lib/commons-compress-1.4.1.jar:/opt/hadoop/2.6.0/share/hadoop/common/lib/commons-httpclient-3.1.jar:/opt/hadoop/2.6.0/share/hadoop/common/lib/commons-cli-1.2.jar:/opt/hadoop/2.6.0/share/hadoop/common/lib/commons-lang-2.6.jar:/opt/hadoop/2.6.0/share/hadoop/common/lib/commons-el-1.0.jar:/opt/hadoop/2.6.0/share/hadoop/common/lib/commons-net-3.1.jar:/opt/hadoop/2.6.0/share/hadoop/common/lib/httpclient-4.2.5.jar:/opt/hadoop/2.6.0/share/hadoop/common/lib/apacheds-i18n-2.0.0-M15.jar:/opt/hadoop/2.6.0/share/hadoop/common/lib/commons-configuration-1.6.jar:/opt/hadoop/2.6.0/share/hadoop/common/lib/slf4j-api-1.7.5.jar:/opt/hadoop/2.6.0/share/hadoop/common/lib/jetty-6.1.26.jar:/opt/hadoop/2.6.0/share/hadoop/common/lib/activation-1.1.jar:/opt/hadoop/2.6.0/share/hadoop/common/lib/api-util-1.0.0-M20.jar:/opt/hadoop/2.6.0/share/hadoop/common/lib/protobuf-java-2.5.0.jar:/opt/hadoop/2.6.0/share/hadoop/common/lib/commons-io-2.4.jar:/opt/hadoop/2.6.0/share/hadoop/common/lib/hadoop-annotations-2.6.0.jar:/opt/hadoop/2.6.0/share/hadoop/common/lib/jetty-util-6.1.26.jar:/opt/hadoop/2.6.0/share/hadoop/common/lib/mockito-all-1.8.5.jar:/opt/hadoop/2.6.0/share/hadoop/common/lib/jaxb-api-2.2.2.jar:/opt/hadoop/2.6.0/share/hadoop/common/lib/junit-4.11.jar:/opt/hadoop/2.6.0/share/hadoop/common/lib/commons-beanutils-core-1.8.0.jar:/opt/hadoop/2.6.0/share/hadoop/common/lib/slf4j-log4j12-1.7.5.jar:/opt/hadoop/2.6.0/share/hadoop/common/lib/jasper-compiler-5.5.23.jar:/opt/hadoop/2.6.0/share/hadoop/common/lib/zookeeper-3.4.6.jar:/opt/hadoop/2.6.0/share/hadoop/common/lib/xz-1.0.jar:/opt/hadoop/2.6.0/share/hadoop/common/lib/guava-11.0.2.jar:/opt/hadoop/2.6.0/share/hadoop/common/lib/jersey-json-1.9.jar:/opt/hadoop/2.6.0/share/hadoop/common/lib/hamcrest-core-1.3.jar:/opt/hadoop/2.6.0/share/hadoop/common/lib/log4j-1.2.17.jar:/opt/hadoop/2.6.0/share/hadoop/common/lib/commons-collections-3.2.1.jar:/opt/hadoop/2.6.0/share/hadoop/common/lib/jsp-api-2.1.jar:/opt/hadoop/2.6.0/share/hadoop/common/lib/jaxb-impl-2.2.3-1.jar:/opt/hadoop/2.6.0/share/hadoop/common/lib/httpcore-4.2.5.jar:/opt/hadoop/2.6.0/share/hadoop/common/lib/gson-2.2.4.jar:/opt/hadoop/2.6.0/share/hadoop/common/lib/paranamer-2.3.jar:/opt/hadoop/2.6.0/share/hadoop/common/lib/asm-3.2.jar:/opt/hadoop/2.6.0/share/hadoop/common/lib/jackson-core-asl-1.9.13.jar:/opt/hadoop/2.6.0/share/hadoop/common/lib/java-xmlbuilder-0.4.jar:/opt/hadoop/2.6.0/share/hadoop/common/lib/xmlenc-0.52.jar:/opt/hadoop/2.6.0/share/hadoop/common/lib/netty-3.6.2.Final.jar:/opt/hadoop/2.6.0/share/hadoop/common/hadoop-nfs-2.6.0.jar:/opt/hadoop/2.6.0/share/hadoop/common/hadoop-common-2.6.0-tests.jar:/opt/hadoop/2.6.0/share/hadoop/common/hadoop-common-2.6.0.jar:/opt/hadoop/2.6.0/share/hadoop/hdfs:/opt/hadoop/2.6.0/share/hadoop/hdfs/lib/servlet-api-2.5.jar:/opt/hadoop/2.6.0/share/hadoop/hdfs/lib/htrace-core-3.0.4.jar:/opt/hadoop/2.6.0/share/hadoop/hdfs/lib/commons-daemon-1.0.13.jar:/opt/hadoop/2.6.0/share/hadoop/hdfs/lib/commons-codec-1.4.jar:/opt/hadoop/2.6.0/share/hadoop/hdfs/lib/commons-logging-1.1.3.jar:/opt/hadoop/2.6.0/share/hadoop/hdfs/lib/jersey-server-1.9.jar:/opt/hadoop/2.6.0/share/hadoop/hdfs/lib/jackson-mapper-asl-1.9.13.jar:/opt/hadoop/2.6.0/share/hadoop/hdfs/lib/jsr305-1.3.9.jar:/opt/hadoop/2.6.0/share/hadoop/hdfs/lib/jasper-runtime-5.5.23.jar:/opt/hadoop/2.6.0/share/hadoop/hdfs/lib/jersey-core-1.9.jar:/opt/hadoop/2.6.0/share/hadoop/hdfs/lib/commons-cli-1.2.jar:/opt/hadoop/2.6.0/share/hadoop/hdfs/lib/commons-lang-2.6.jar:/opt/hadoop/2.6.0/share/hadoop/hdfs/lib/commons-el-1.0.jar:/opt/hadoop/2.6.0/share/hadoop/hdfs/lib/jetty-6.1.26.jar:/opt/hadoop/2.6.0/share/hadoop/hdfs/lib/protobuf-java-2.5.0.jar:/opt/hadoop/2.6.0/share/hadoop/hdfs/lib/commons-io-2.4.jar:/opt/hadoop/2.6.0/share/hadoop/hdfs/lib/xercesImpl-2.9.1.jar:/opt/hadoop/2.6.0/share/hadoop/hdfs/lib/jetty-util-6.1.26.jar:/opt/hadoop/2.6.0/share/hadoop/hdfs/lib/guava-11.0.2.jar:/opt/hadoop/2.6.0/share/hadoop/hdfs/lib/xml-apis-1.3.04.jar:/opt/hadoop/2.6.0/share/hadoop/hdfs/lib/log4j-1.2.17.jar:/opt/hadoop/2.6.0/share/hadoop/hdfs/lib/jsp-api-2.1.jar:/opt/hadoop/2.6.0/share/hadoop/hdfs/lib/asm-3.2.jar:/opt/hadoop/2.6.0/share/hadoop/hdfs/lib/jackson-core-asl-1.9.13.jar:/opt/hadoop/2.6.0/share/hadoop/hdfs/lib/xmlenc-0.52.jar:/opt/hadoop/2.6.0/share/hadoop/hdfs/lib/netty-3.6.2.Final.jar:/opt/hadoop/2.6.0/share/hadoop/hdfs/hadoop-hdfs-nfs-2.6.0.jar:/opt/hadoop/2.6.0/share/hadoop/hdfs/hadoop-hdfs-2.6.0-tests.jar:/opt/hadoop/2.6.0/share/hadoop/hdfs/hadoop-hdfs-2.6.0.jar:/opt/hadoop/2.6.0/share/hadoop/yarn/lib/jackson-xc-1.9.13.jar:/opt/hadoop/2.6.0/share/hadoop/yarn/lib/servlet-api-2.5.jar:/opt/hadoop/2.6.0/share/hadoop/yarn/lib/javax.inject-1.jar:/opt/hadoop/2.6.0/share/hadoop/yarn/lib/commons-codec-1.4.jar:/opt/hadoop/2.6.0/share/hadoop/yarn/lib/commons-logging-1.1.3.jar:/opt/hadoop/2.6.0/share/hadoop/yarn/lib/jersey-server-1.9.jar:/opt/hadoop/2.6.0/share/hadoop/yarn/lib/jline-0.9.94.jar:/opt/hadoop/2.6.0/share/hadoop/yarn/lib/jackson-jaxrs-1.9.13.jar:/opt/hadoop/2.6.0/share/hadoop/yarn/lib/jackson-mapper-asl-1.9.13.jar:/opt/hadoop/2.6.0/share/hadoop/yarn/lib/leveldbjni-all-1.8.jar:/opt/hadoop/2.6.0/share/hadoop/yarn/lib/stax-api-1.0-2.jar:/opt/hadoop/2.6.0/share/hadoop/yarn/lib/jsr305-1.3.9.jar:/opt/hadoop/2.6.0/share/hadoop/yarn/lib/aopalliance-1.0.jar:/opt/hadoop/2.6.0/share/hadoop/yarn/lib/jettison-1.1.jar:/opt/hadoop/2.6.0/share/hadoop/yarn/lib/jersey-core-1.9.jar:/opt/hadoop/2.6.0/share/hadoop/yarn/lib/commons-compress-1.4.1.jar:/opt/hadoop/2.6.0/share/hadoop/yarn/lib/commons-httpclient-3.1.jar:/opt/hadoop/2.6.0/share/hadoop/yarn/lib/commons-cli-1.2.jar:/opt/hadoop/2.6.0/share/hadoop/yarn/lib/commons-lang-2.6.jar:/opt/hadoop/2.6.0/share/hadoop/yarn/lib/jersey-client-1.9.jar:/opt/hadoop/2.6.0/share/hadoop/yarn/lib/jetty-6.1.26.jar:/opt/hadoop/2.6.0/share/hadoop/yarn/lib/jersey-guice-1.9.jar:/opt/hadoop/2.6.0/share/hadoop/yarn/lib/activation-1.1.jar:/opt/hadoop/2.6.0/share/hadoop/yarn/lib/guice-servlet-3.0.jar:/opt/hadoop/2.6.0/share/hadoop/yarn/lib/protobuf-java-2.5.0.jar:/opt/hadoop/2.6.0/share/hadoop/yarn/lib/commons-io-2.4.jar:/opt/hadoop/2.6.0/share/hadoop/yarn/lib/jetty-util-6.1.26.jar:/opt/hadoop/2.6.0/share/hadoop/yarn/lib/jaxb-api-2.2.2.jar:/opt/hadoop/2.6.0/share/hadoop/yarn/lib/zookeeper-3.4.6.jar:/opt/hadoop/2.6.0/share/hadoop/yarn/lib/xz-1.0.jar:/opt/hadoop/2.6.0/share/hadoop/yarn/lib/guava-11.0.2.jar:/opt/hadoop/2.6.0/share/hadoop/yarn/lib/jersey-json-1.9.jar:/opt/hadoop/2.6.0/share/hadoop/yarn/lib/guice-3.0.jar:/opt/hadoop/2.6.0/share/hadoop/yarn/lib/log4j-1.2.17.jar:/opt/hadoop/2.6.0/share/hadoop/yarn/lib/commons-collections-3.2.1.jar:/opt/hadoop/2.6.0/share/hadoop/yarn/lib/jaxb-impl-2.2.3-1.jar:/opt/hadoop/2.6.0/share/hadoop/yarn/lib/asm-3.2.jar:/opt/hadoop/2.6.0/share/hadoop/yarn/lib/jackson-core-asl-1.9.13.jar:/opt/hadoop/2.6.0/share/hadoop/yarn/lib/netty-3.6.2.Final.jar:/opt/hadoop/2.6.0/share/hadoop/yarn/hadoop-yarn-api-2.6.0.jar:/opt/hadoop/2.6.0/share/hadoop/yarn/hadoop-yarn-registry-2.6.0.jar:/opt/hadoop/2.6.0/share/hadoop/yarn/hadoop-yarn-server-tests-2.6.0.jar:/opt/hadoop/2.6.0/share/hadoop/yarn/hadoop-yarn-server-resourcemanager-2.6.0.jar:/opt/hadoop/2.6.0/share/hadoop/yarn/hadoop-yarn-client-2.6.0.jar:/opt/hadoop/2.6.0/share/hadoop/yarn/hadoop-yarn-applications-distributedshell-2.6.0.jar:/opt/hadoop/2.6.0/share/hadoop/yarn/hadoop-yarn-server-common-2.6.0.jar:/opt/hadoop/2.6.0/share/hadoop/yarn/hadoop-yarn-applications-unmanaged-am-launcher-2.6.0.jar:/opt/hadoop/2.6.0/share/hadoop/yarn/hadoop-yarn-server-web-proxy-2.6.0.jar:/opt/hadoop/2.6.0/share/hadoop/yarn/hadoop-yarn-common-2.6.0.jar:/opt/hadoop/2.6.0/share/hadoop/yarn/hadoop-yarn-server-applicationhistoryservice-2.6.0.jar:/opt/hadoop/2.6.0/share/hadoop/yarn/hadoop-yarn-server-nodemanager-2.6.0.jar:/opt/hadoop/2.6.0/share/hadoop/mapreduce/lib/javax.inject-1.jar:/opt/hadoop/2.6.0/share/hadoop/mapreduce/lib/jersey-server-1.9.jar:/opt/hadoop/2.6.0/share/hadoop/mapreduce/lib/jackson-mapper-asl-1.9.13.jar:/opt/hadoop/2.6.0/share/hadoop/mapreduce/lib/leveldbjni-all-1.8.jar:/opt/hadoop/2.6.0/share/hadoop/mapreduce/lib/snappy-java-1.0.4.1.jar:/opt/hadoop/2.6.0/share/hadoop/mapreduce/lib/aopalliance-1.0.jar:/opt/hadoop/2.6.0/share/hadoop/mapreduce/lib/avro-1.7.4.jar:/opt/hadoop/2.6.0/share/hadoop/mapreduce/lib/jersey-core-1.9.jar:/opt/hadoop/2.6.0/share/hadoop/mapreduce/lib/commons-compress-1.4.1.jar:/opt/hadoop/2.6.0/share/hadoop/mapreduce/lib/jersey-guice-1.9.jar:/opt/hadoop/2.6.0/share/hadoop/mapreduce/lib/guice-servlet-3.0.jar:/opt/hadoop/2.6.0/share/hadoop/mapreduce/lib/protobuf-java-2.5.0.jar:/opt/hadoop/2.6.0/share/hadoop/mapreduce/lib/commons-io-2.4.jar:/opt/hadoop/2.6.0/share/hadoop/mapreduce/lib/hadoop-annotations-2.6.0.jar:/opt/hadoop/2.6.0/share/hadoop/mapreduce/lib/junit-4.11.jar:/opt/hadoop/2.6.0/share/hadoop/mapreduce/lib/xz-1.0.jar:/opt/hadoop/2.6.0/share/hadoop/mapreduce/lib/guice-3.0.jar:/opt/hadoop/2.6.0/share/hadoop/mapreduce/lib/hamcrest-core-1.3.jar:/opt/hadoop/2.6.0/share/hadoop/mapreduce/lib/log4j-1.2.17.jar:/opt/hadoop/2.6.0/share/hadoop/mapreduce/lib/paranamer-2.3.jar:/opt/hadoop/2.6.0/share/hadoop/mapreduce/lib/asm-3.2.jar:/opt/hadoop/2.6.0/share/hadoop/mapreduce/lib/jackson-core-asl-1.9.13.jar:/opt/hadoop/2.6.0/share/hadoop/mapreduce/lib/netty-3.6.2.Final.jar:/opt/hadoop/2.6.0/share/hadoop/mapreduce/hadoop-mapreduce-client-common-2.6.0.jar:/opt/hadoop/2.6.0/share/hadoop/mapreduce/hadoop-mapreduce-client-hs-plugins-2.6.0.jar:/opt/hadoop/2.6.0/share/hadoop/mapreduce/hadoop-mapreduce-examples-2.6.0.jar:/opt/hadoop/2.6.0/share/hadoop/mapreduce/hadoop-mapreduce-client-app-2.6.0.jar:/opt/hadoop/2.6.0/share/hadoop/mapreduce/hadoop-mapreduce-client-hs-2.6.0.jar:/opt/hadoop/2.6.0/share/hadoop/mapreduce/hadoop-mapreduce-client-shuffle-2.6.0.jar:/opt/hadoop/2.6.0/share/hadoop/mapreduce/hadoop-mapreduce-client-jobclient-2.6.0.jar:/opt/hadoop/2.6.0/share/hadoop/mapreduce/hadoop-mapreduce-client-core-2.6.0.jar:/opt/hadoop/2.6.0/share/hadoop/mapreduce/hadoop-mapreduce-client-jobclient-2.6.0-tests.jar:/opt/hadoop/2.6.0/contrib/capacity-scheduler/*.jar
STARTUP_MSG:   build = https://git-wip-us.apache.org/repos/asf/hadoop.git -r e3496499ecb8d220fba99dc5ed4c99c8f9e33bb1; compiled by 'jenkins' on 2014-11-13T21:10Z
STARTUP_MSG:   java = 1.8.0_60
************************************************************/
19/09/26 23:28:45 INFO namenode.NameNode: registered UNIX signal handlers for [TERM, HUP, INT]
19/09/26 23:28:45 INFO namenode.NameNode: createNameNode [-format]
19/09/26 23:28:46 WARN util.NativeCodeLoader: Unable to load native-hadoop library for your platform... using builtin-java classes where applicable
19/09/26 23:28:46 WARN common.Util: Path /scratch/sxs2267/26930099/namenode_data should be specified as a URI in configuration files. Please update hdfs configuration.
19/09/26 23:28:46 WARN common.Util: Path /scratch/sxs2267/26930099/namenode_data should be specified as a URI in configuration files. Please update hdfs configuration.
Formatting using clusterid: CID-e6fd1f5d-c7d1-42ae-8d48-769bb9c7cd96
19/09/26 23:28:46 INFO namenode.FSNamesystem: No KeyProvider found.
19/09/26 23:28:46 INFO namenode.FSNamesystem: fsLock is fair:true
19/09/26 23:28:46 INFO blockmanagement.DatanodeManager: dfs.block.invalidate.limit=1000
19/09/26 23:28:46 INFO blockmanagement.DatanodeManager: dfs.namenode.datanode.registration.ip-hostname-check=true
19/09/26 23:28:46 INFO blockmanagement.BlockManager: dfs.namenode.startup.delay.block.deletion.sec is set to 000:00:00:00.000
19/09/26 23:28:46 INFO blockmanagement.BlockManager: The block deletion will start around 2019 Sep 26 23:28:46
19/09/26 23:28:46 INFO util.GSet: Computing capacity for map BlocksMap
19/09/26 23:28:46 INFO util.GSet: VM type       = 64-bit
19/09/26 23:28:46 INFO util.GSet: 2.0% max memory 958.5 MB = 19.2 MB
19/09/26 23:28:46 INFO util.GSet: capacity      = 2^21 = 2097152 entries
19/09/26 23:28:46 INFO blockmanagement.BlockManager: dfs.block.access.token.enable=false
19/09/26 23:28:46 INFO blockmanagement.BlockManager: defaultReplication         = 3
19/09/26 23:28:46 INFO blockmanagement.BlockManager: maxReplication             = 512
19/09/26 23:28:46 INFO blockmanagement.BlockManager: minReplication             = 1
19/09/26 23:28:46 INFO blockmanagement.BlockManager: maxReplicationStreams      = 2
19/09/26 23:28:46 INFO blockmanagement.BlockManager: shouldCheckForEnoughRacks  = false
19/09/26 23:28:46 INFO blockmanagement.BlockManager: replicationRecheckInterval = 3000
19/09/26 23:28:46 INFO blockmanagement.BlockManager: encryptDataTransfer        = false
19/09/26 23:28:46 INFO blockmanagement.BlockManager: maxNumBlocksToLog          = 1000
19/09/26 23:28:46 INFO namenode.FSNamesystem: fsOwner             = sxs2267 (auth:SIMPLE)
19/09/26 23:28:46 INFO namenode.FSNamesystem: supergroup          = supergroup
19/09/26 23:28:46 INFO namenode.FSNamesystem: isPermissionEnabled = true
19/09/26 23:28:46 INFO namenode.FSNamesystem: HA Enabled: false
19/09/26 23:28:46 INFO namenode.FSNamesystem: Append Enabled: true
19/09/26 23:28:46 INFO util.GSet: Computing capacity for map INodeMap
19/09/26 23:28:46 INFO util.GSet: VM type       = 64-bit
19/09/26 23:28:46 INFO util.GSet: 1.0% max memory 958.5 MB = 9.6 MB
19/09/26 23:28:46 INFO util.GSet: capacity      = 2^20 = 1048576 entries
19/09/26 23:28:46 INFO namenode.NameNode: Caching file names occuring more than 10 times
19/09/26 23:28:46 INFO util.GSet: Computing capacity for map cachedBlocks
19/09/26 23:28:46 INFO util.GSet: VM type       = 64-bit
19/09/26 23:28:46 INFO util.GSet: 0.25% max memory 958.5 MB = 2.4 MB
19/09/26 23:28:46 INFO util.GSet: capacity      = 2^18 = 262144 entries
19/09/26 23:28:46 INFO namenode.FSNamesystem: dfs.namenode.safemode.threshold-pct = 0.9990000128746033
19/09/26 23:28:46 INFO namenode.FSNamesystem: dfs.namenode.safemode.min.datanodes = 0
19/09/26 23:28:46 INFO namenode.FSNamesystem: dfs.namenode.safemode.extension     = 30000
19/09/26 23:28:46 INFO namenode.FSNamesystem: Retry cache on namenode is enabled
19/09/26 23:28:46 INFO namenode.FSNamesystem: Retry cache will use 0.03 of total heap and retry cache entry expiry time is 600000 millis
19/09/26 23:28:46 INFO util.GSet: Computing capacity for map NameNodeRetryCache
19/09/26 23:28:46 INFO util.GSet: VM type       = 64-bit
19/09/26 23:28:46 INFO util.GSet: 0.029999999329447746% max memory 958.5 MB = 294.5 KB
19/09/26 23:28:46 INFO util.GSet: capacity      = 2^15 = 32768 entries
19/09/26 23:28:46 INFO namenode.NNConf: ACLs enabled? false
19/09/26 23:28:46 INFO namenode.NNConf: XAttrs enabled? true
19/09/26 23:28:46 INFO namenode.NNConf: Maximum size of an xattr: 16384
19/09/26 23:28:46 INFO namenode.FSImage: Allocated new BlockPoolId: BP-1758183543-198.202.119.133-1569565726390
19/09/26 23:28:46 INFO common.Storage: Storage directory /scratch/sxs2267/26930099/namenode_data has been successfully formatted.
19/09/26 23:28:46 INFO namenode.NNStorageRetentionManager: Going to retain 1 images with txid >= 0
19/09/26 23:28:46 INFO util.ExitUtil: Exiting with status 0
19/09/26 23:28:46 INFO namenode.NameNode: SHUTDOWN_MSG: 
/************************************************************
SHUTDOWN_MSG: Shutting down NameNode at comet-22-60.sdsc.edu/198.202.119.133
************************************************************/
19/09/26 23:28:47 WARN util.NativeCodeLoader: Unable to load native-hadoop library for your platform... using builtin-java classes where applicable
Starting namenodes on [comet-22-60.ibnet]
comet-22-60.ibnet: starting namenode, logging to /scratch/sxs2267/26930099/logs/hadoop-sxs2267-namenode-comet-22-60.sdsc.edu.out
comet-22-60.ibnet: starting datanode, logging to /scratch/sxs2267/26930099/logs/hadoop-sxs2267-datanode-comet-22-60.sdsc.edu.out
comet-22-61.ibnet: starting datanode, logging to /scratch/sxs2267/26930099/logs/hadoop-sxs2267-datanode-comet-22-61.sdsc.edu.out
comet-22-62.ibnet: starting datanode, logging to /scratch/sxs2267/26930099/logs/hadoop-sxs2267-datanode-comet-22-62.sdsc.edu.out
Starting secondary namenodes [comet-22-60.ibnet]
comet-22-60.ibnet: starting secondarynamenode, logging to /scratch/sxs2267/26930099/logs/hadoop-sxs2267-secondarynamenode-comet-22-60.sdsc.edu.out
19/09/26 23:29:02 WARN util.NativeCodeLoader: Unable to load native-hadoop library for your platform... using builtin-java classes where applicable
starting yarn daemons
starting resourcemanager, logging to /scratch/sxs2267/26930099/logs/yarn-sxs2267-resourcemanager-comet-22-60.out
comet-22-60.ibnet: starting nodemanager, logging to /scratch/sxs2267/26930099/logs/yarn-sxs2267-nodemanager-comet-22-60.sdsc.edu.out
comet-22-62.ibnet: starting nodemanager, logging to /scratch/sxs2267/26930099/logs/yarn-sxs2267-nodemanager-comet-22-62.sdsc.edu.out
comet-22-61.ibnet: starting nodemanager, logging to /scratch/sxs2267/26930099/logs/yarn-sxs2267-nodemanager-comet-22-61.sdsc.edu.out
19/09/26 23:29:05 WARN util.NativeCodeLoader: Unable to load native-hadoop library for your platform... using builtin-java classes where applicable
19/09/26 23:29:06 WARN util.NativeCodeLoader: Unable to load native-hadoop library for your platform... using builtin-java classes where applicable
19/09/26 23:29:08 WARN util.NativeCodeLoader: Unable to load native-hadoop library for your platform... using builtin-java classes where applicable
19/09/26 23:29:10 WARN util.NativeCodeLoader: Unable to load native-hadoop library for your platform... using builtin-java classes where applicable
19/09/26 23:29:10 INFO client.RMProxy: Connecting to ResourceManager at comet-22-60.ibnet/10.22.250.35:8032
19/09/26 23:29:10 WARN mapreduce.JobSubmitter: Hadoop command-line option parsing not performed. Implement the Tool interface and execute your application with ToolRunner to remedy this.
19/09/26 23:29:11 INFO input.FileInputFormat: Total input paths to process : 1
19/09/26 23:29:11 INFO mapreduce.JobSubmitter: number of splits:1
19/09/26 23:29:11 INFO mapreduce.JobSubmitter: Submitting tokens for job: job_1569565743420_0001
19/09/26 23:29:11 INFO impl.YarnClientImpl: Submitted application application_1569565743420_0001
19/09/26 23:29:11 INFO mapreduce.Job: The url to track the job: http://comet-22-60.ibnet:8088/proxy/application_1569565743420_0001/
19/09/26 23:29:11 INFO mapreduce.Job: Running job: job_1569565743420_0001
19/09/26 23:29:16 INFO mapreduce.Job: Job job_1569565743420_0001 running in uber mode : false
19/09/26 23:29:16 INFO mapreduce.Job:  map 0% reduce 0%
19/09/26 23:29:26 INFO mapreduce.Job:  map 5% reduce 0%
19/09/26 23:29:29 INFO mapreduce.Job:  map 7% reduce 0%
19/09/26 23:29:32 INFO mapreduce.Job:  map 10% reduce 0%
19/09/26 23:29:35 INFO mapreduce.Job:  map 13% reduce 0%
19/09/26 23:29:38 INFO mapreduce.Job:  map 15% reduce 0%
19/09/26 23:29:41 INFO mapreduce.Job:  map 18% reduce 0%
19/09/26 23:29:44 INFO mapreduce.Job:  map 21% reduce 0%
19/09/26 23:29:47 INFO mapreduce.Job:  map 24% reduce 0%
19/09/26 23:29:50 INFO mapreduce.Job:  map 26% reduce 0%
19/09/26 23:29:53 INFO mapreduce.Job:  map 29% reduce 0%
19/09/26 23:29:57 INFO mapreduce.Job:  map 31% reduce 0%
19/09/26 23:30:00 INFO mapreduce.Job:  map 34% reduce 0%
19/09/26 23:30:03 INFO mapreduce.Job:  map 36% reduce 0%
19/09/26 23:30:06 INFO mapreduce.Job:  map 39% reduce 0%
19/09/26 23:30:09 INFO mapreduce.Job:  map 42% reduce 0%
19/09/26 23:30:12 INFO mapreduce.Job:  map 44% reduce 0%
19/09/26 23:30:15 INFO mapreduce.Job:  map 47% reduce 0%
19/09/26 23:30:18 INFO mapreduce.Job:  map 50% reduce 0%
19/09/26 23:30:21 INFO mapreduce.Job:  map 53% reduce 0%
19/09/26 23:30:24 INFO mapreduce.Job:  map 55% reduce 0%
19/09/26 23:30:27 INFO mapreduce.Job:  map 58% reduce 0%
19/09/26 23:30:30 INFO mapreduce.Job:  map 61% reduce 0%
19/09/26 23:30:33 INFO mapreduce.Job:  map 64% reduce 0%
19/09/26 23:30:36 INFO mapreduce.Job:  map 66% reduce 0%
19/09/26 23:30:38 INFO mapreduce.Job:  map 100% reduce 0%
19/09/26 23:30:44 INFO mapreduce.Job:  map 100% reduce 100%
19/09/26 23:30:44 INFO mapreduce.Job: Job job_1569565743420_0001 completed successfully
19/09/26 23:30:44 INFO mapreduce.Job: Counters: 49
	File System Counters
		FILE: Number of bytes read=34000006
		FILE: Number of bytes written=68479039
		FILE: Number of read operations=0
		FILE: Number of large read operations=0
		FILE: Number of write operations=0
		HDFS: Number of bytes read=36942221
		HDFS: Number of bytes written=3795
		HDFS: Number of read operations=7
		HDFS: Number of large read operations=0
		HDFS: Number of write operations=2
	Job Counters 
		Launched map tasks=1
		Launched reduce tasks=1
		Data-local map tasks=1
		Total time spent by all maps in occupied slots (ms)=80151
		Total time spent by all reduces in occupied slots (ms)=2667
		Total time spent by all map tasks (ms)=80151
		Total time spent by all reduce tasks (ms)=2667
		Total vcore-seconds taken by all map tasks=80151
		Total vcore-seconds taken by all reduce tasks=2667
		Total megabyte-seconds taken by all map tasks=82074624
		Total megabyte-seconds taken by all reduce tasks=2731008
	Map-Reduce Framework
		Map input records=1000000
		Map output records=1000000
		Map output bytes=32000000
		Map output materialized bytes=34000006
		Input split bytes=125
		Combine input records=0
		Combine output records=0
		Reduce input groups=100
		Reduce shuffle bytes=34000006
		Reduce input records=1000000
		Reduce output records=100
		Spilled Records=2000000
		Shuffled Maps =1
		Failed Shuffles=0
		Merged Map outputs=1
		GC time elapsed (ms)=2655
		CPU time spent (ms)=105010
		Physical memory (bytes) snapshot=481603584
		Virtual memory (bytes) snapshot=4340682752
		Total committed heap usage (bytes)=349700096
	Shuffle Errors
		BAD_ID=0
		CONNECTION=0
		IO_ERROR=0
		WRONG_LENGTH=0
		WRONG_MAP=0
		WRONG_REDUCE=0
	File Input Format Counters 
		Bytes Read=36941196
	File Output Format Counters 
		Bytes Written=3795
19/09/26 23:30:45 WARN util.NativeCodeLoader: Unable to load native-hadoop library for your platform... using builtin-java classes where applicable
stopping yarn daemons
stopping resourcemanager
comet-22-60.ibnet: stopping nodemanager
comet-22-60.ibnet: nodemanager did not stop gracefully after 5 seconds: killing with kill -9
comet-22-62.ibnet: stopping nodemanager
comet-22-61.ibnet: stopping nodemanager
comet-22-61.ibnet: nodemanager did not stop gracefully after 5 seconds: killing with kill -9
no proxyserver to stop
19/09/26 23:30:57 WARN util.NativeCodeLoader: Unable to load native-hadoop library for your platform... using builtin-java classes where applicable
Stopping namenodes on [comet-22-60.ibnet]
comet-22-60.ibnet: stopping namenode
comet-22-60.ibnet: stopping datanode
comet-22-62.ibnet: stopping datanode
comet-22-61.ibnet: stopping datanode
Stopping secondary namenodes [comet-22-60.ibnet]
comet-22-60.ibnet: stopping secondarynamenode
19/09/26 23:31:15 WARN util.NativeCodeLoader: Unable to load native-hadoop library for your platform... using builtin-java classes where applicable
Copying Hadoop logs back to /home/sxs2267/cometcluster/logs...
`/scratch/sxs2267/26930099/logs' -> `/home/sxs2267/cometcluster/logs'
`/scratch/sxs2267/26930099/logs/hadoop-sxs2267-secondarynamenode-comet-22-60.sdsc.edu.out' -> `/home/sxs2267/cometcluster/logs/hadoop-sxs2267-secondarynamenode-comet-22-60.sdsc.edu.out'
`/scratch/sxs2267/26930099/logs/hadoop-sxs2267-namenode-comet-22-60.sdsc.edu.log' -> `/home/sxs2267/cometcluster/logs/hadoop-sxs2267-namenode-comet-22-60.sdsc.edu.log'
`/scratch/sxs2267/26930099/logs/yarn-sxs2267-resourcemanager-comet-22-60.log' -> `/home/sxs2267/cometcluster/logs/yarn-sxs2267-resourcemanager-comet-22-60.log'
`/scratch/sxs2267/26930099/logs/userlogs' -> `/home/sxs2267/cometcluster/logs/userlogs'
`/scratch/sxs2267/26930099/logs/userlogs/application_1569565743420_0001' -> `/home/sxs2267/cometcluster/logs/userlogs/application_1569565743420_0001'
`/scratch/sxs2267/26930099/logs/userlogs/application_1569565743420_0001/container_1569565743420_0001_01_000001' -> `/home/sxs2267/cometcluster/logs/userlogs/application_1569565743420_0001/container_1569565743420_0001_01_000001'
`/scratch/sxs2267/26930099/logs/userlogs/application_1569565743420_0001/container_1569565743420_0001_01_000001/stderr' -> `/home/sxs2267/cometcluster/logs/userlogs/application_1569565743420_0001/container_1569565743420_0001_01_000001/stderr'
`/scratch/sxs2267/26930099/logs/userlogs/application_1569565743420_0001/container_1569565743420_0001_01_000001/syslog' -> `/home/sxs2267/cometcluster/logs/userlogs/application_1569565743420_0001/container_1569565743420_0001_01_000001/syslog'
`/scratch/sxs2267/26930099/logs/userlogs/application_1569565743420_0001/container_1569565743420_0001_01_000001/stdout' -> `/home/sxs2267/cometcluster/logs/userlogs/application_1569565743420_0001/container_1569565743420_0001_01_000001/stdout'
`/scratch/sxs2267/26930099/logs/yarn-sxs2267-nodemanager-comet-22-60.sdsc.edu.log' -> `/home/sxs2267/cometcluster/logs/yarn-sxs2267-nodemanager-comet-22-60.sdsc.edu.log'
`/scratch/sxs2267/26930099/logs/hadoop-sxs2267-datanode-comet-22-60.sdsc.edu.log' -> `/home/sxs2267/cometcluster/logs/hadoop-sxs2267-datanode-comet-22-60.sdsc.edu.log'
`/scratch/sxs2267/26930099/logs/hadoop-sxs2267-datanode-comet-22-60.sdsc.edu.out' -> `/home/sxs2267/cometcluster/logs/hadoop-sxs2267-datanode-comet-22-60.sdsc.edu.out'
`/scratch/sxs2267/26930099/logs/hadoop-sxs2267-namenode-comet-22-60.sdsc.edu.out' -> `/home/sxs2267/cometcluster/logs/hadoop-sxs2267-namenode-comet-22-60.sdsc.edu.out'
`/scratch/sxs2267/26930099/logs/yarn-sxs2267-resourcemanager-comet-22-60.out' -> `/home/sxs2267/cometcluster/logs/yarn-sxs2267-resourcemanager-comet-22-60.out'
`/scratch/sxs2267/26930099/logs/yarn-sxs2267-nodemanager-comet-22-60.sdsc.edu.out' -> `/home/sxs2267/cometcluster/logs/yarn-sxs2267-nodemanager-comet-22-60.sdsc.edu.out'
`/scratch/sxs2267/26930099/logs/SecurityAuth-sxs2267.audit' -> `/home/sxs2267/cometcluster/logs/SecurityAuth-sxs2267.audit'
`/scratch/sxs2267/26930099/logs/hadoop-sxs2267-secondarynamenode-comet-22-60.sdsc.edu.log' -> `/home/sxs2267/cometcluster/logs/hadoop-sxs2267-secondarynamenode-comet-22-60.sdsc.edu.log'
removed `/scratch/sxs2267/26930099/mapred_scratch/filecache/10/.tmp_centroids.txt.crc'
removed `/scratch/sxs2267/26930099/mapred_scratch/filecache/10/centroids.txt'
removed directory: `/scratch/sxs2267/26930099/mapred_scratch/filecache/10'
removed directory: `/scratch/sxs2267/26930099/mapred_scratch/filecache'
removed directory: `/scratch/sxs2267/26930099/mapred_scratch/usercache/sxs2267/filecache'
removed directory: `/scratch/sxs2267/26930099/mapred_scratch/usercache/sxs2267/appcache'
removed directory: `/scratch/sxs2267/26930099/mapred_scratch/usercache/sxs2267'
removed directory: `/scratch/sxs2267/26930099/mapred_scratch/usercache'
removed directory: `/scratch/sxs2267/26930099/mapred_scratch/nmPrivate'
removed directory: `/scratch/sxs2267/26930099/mapred_scratch'
removed `/scratch/sxs2267/26930099/tmp/dfs/namesecondary/current/VERSION'
removed `/scratch/sxs2267/26930099/tmp/dfs/namesecondary/current/fsimage_0000000000000000063.md5'
removed `/scratch/sxs2267/26930099/tmp/dfs/namesecondary/current/edits_0000000000000000001-0000000000000000063'
removed `/scratch/sxs2267/26930099/tmp/dfs/namesecondary/current/fsimage_0000000000000000000.md5'
removed `/scratch/sxs2267/26930099/tmp/dfs/namesecondary/current/fsimage_0000000000000000000'
removed `/scratch/sxs2267/26930099/tmp/dfs/namesecondary/current/fsimage_0000000000000000063'
removed directory: `/scratch/sxs2267/26930099/tmp/dfs/namesecondary/current'
removed directory: `/scratch/sxs2267/26930099/tmp/dfs/namesecondary'
removed directory: `/scratch/sxs2267/26930099/tmp/dfs'
removed directory: `/scratch/sxs2267/26930099/tmp'
removed `/scratch/sxs2267/26930099/namenode_data/current/seen_txid'
removed `/scratch/sxs2267/26930099/namenode_data/current/edits_0000000000000000001-0000000000000000063'
removed `/scratch/sxs2267/26930099/namenode_data/current/fsimage_0000000000000000063.md5'
removed `/scratch/sxs2267/26930099/namenode_data/current/fsimage_0000000000000000000'
removed `/scratch/sxs2267/26930099/namenode_data/current/fsimage_0000000000000000063'
removed `/scratch/sxs2267/26930099/namenode_data/current/fsimage_0000000000000000000.md5'
removed `/scratch/sxs2267/26930099/namenode_data/current/edits_inprogress_0000000000000000064'
removed `/scratch/sxs2267/26930099/namenode_data/current/VERSION'
removed directory: `/scratch/sxs2267/26930099/namenode_data/current'
removed directory: `/scratch/sxs2267/26930099/namenode_data'
removed `/scratch/sxs2267/26930099/hdfs_data/current/VERSION'
removed `/scratch/sxs2267/26930099/hdfs_data/current/BP-1758183543-198.202.119.133-1569565726390/dncp_block_verification.log.prev'
removed `/scratch/sxs2267/26930099/hdfs_data/current/BP-1758183543-198.202.119.133-1569565726390/dncp_block_verification.log.curr'
removed directory: `/scratch/sxs2267/26930099/hdfs_data/current/BP-1758183543-198.202.119.133-1569565726390/current/rbw'
removed `/scratch/sxs2267/26930099/hdfs_data/current/BP-1758183543-198.202.119.133-1569565726390/current/VERSION'
removed `/scratch/sxs2267/26930099/hdfs_data/current/BP-1758183543-198.202.119.133-1569565726390/current/finalized/subdir0/subdir0/blk_1073741826_1002.meta'
removed `/scratch/sxs2267/26930099/hdfs_data/current/BP-1758183543-198.202.119.133-1569565726390/current/finalized/subdir0/subdir0/blk_1073741835'
removed `/scratch/sxs2267/26930099/hdfs_data/current/BP-1758183543-198.202.119.133-1569565726390/current/finalized/subdir0/subdir0/blk_1073741826'
removed `/scratch/sxs2267/26930099/hdfs_data/current/BP-1758183543-198.202.119.133-1569565726390/current/finalized/subdir0/subdir0/blk_1073741834_1010.meta'
removed `/scratch/sxs2267/26930099/hdfs_data/current/BP-1758183543-198.202.119.133-1569565726390/current/finalized/subdir0/subdir0/blk_1073741835_1011.meta'
removed `/scratch/sxs2267/26930099/hdfs_data/current/BP-1758183543-198.202.119.133-1569565726390/current/finalized/subdir0/subdir0/blk_1073741836'
removed `/scratch/sxs2267/26930099/hdfs_data/current/BP-1758183543-198.202.119.133-1569565726390/current/finalized/subdir0/subdir0/blk_1073741833_1009.meta'
removed `/scratch/sxs2267/26930099/hdfs_data/current/BP-1758183543-198.202.119.133-1569565726390/current/finalized/subdir0/subdir0/blk_1073741825'
removed `/scratch/sxs2267/26930099/hdfs_data/current/BP-1758183543-198.202.119.133-1569565726390/current/finalized/subdir0/subdir0/blk_1073741834'
removed `/scratch/sxs2267/26930099/hdfs_data/current/BP-1758183543-198.202.119.133-1569565726390/current/finalized/subdir0/subdir0/blk_1073741825_1001.meta'
removed `/scratch/sxs2267/26930099/hdfs_data/current/BP-1758183543-198.202.119.133-1569565726390/current/finalized/subdir0/subdir0/blk_1073741833'
removed `/scratch/sxs2267/26930099/hdfs_data/current/BP-1758183543-198.202.119.133-1569565726390/current/finalized/subdir0/subdir0/blk_1073741836_1012.meta'
removed directory: `/scratch/sxs2267/26930099/hdfs_data/current/BP-1758183543-198.202.119.133-1569565726390/current/finalized/subdir0/subdir0'
removed directory: `/scratch/sxs2267/26930099/hdfs_data/current/BP-1758183543-198.202.119.133-1569565726390/current/finalized/subdir0'
removed directory: `/scratch/sxs2267/26930099/hdfs_data/current/BP-1758183543-198.202.119.133-1569565726390/current/finalized'
removed `/scratch/sxs2267/26930099/hdfs_data/current/BP-1758183543-198.202.119.133-1569565726390/current/dfsUsed'
removed directory: `/scratch/sxs2267/26930099/hdfs_data/current/BP-1758183543-198.202.119.133-1569565726390/current'
removed directory: `/scratch/sxs2267/26930099/hdfs_data/current/BP-1758183543-198.202.119.133-1569565726390/tmp'
removed directory: `/scratch/sxs2267/26930099/hdfs_data/current/BP-1758183543-198.202.119.133-1569565726390'
removed directory: `/scratch/sxs2267/26930099/hdfs_data/current'
removed directory: `/scratch/sxs2267/26930099/hdfs_data'
removed directory: `/scratch/sxs2267/26930099/pids'
removed `/scratch/sxs2267/26930099/logs/hadoop-sxs2267-secondarynamenode-comet-22-60.sdsc.edu.out'
removed `/scratch/sxs2267/26930099/logs/hadoop-sxs2267-namenode-comet-22-60.sdsc.edu.log'
removed `/scratch/sxs2267/26930099/logs/yarn-sxs2267-resourcemanager-comet-22-60.log'
removed `/scratch/sxs2267/26930099/logs/userlogs/application_1569565743420_0001/container_1569565743420_0001_01_000001/stderr'
removed `/scratch/sxs2267/26930099/logs/userlogs/application_1569565743420_0001/container_1569565743420_0001_01_000001/syslog'
removed `/scratch/sxs2267/26930099/logs/userlogs/application_1569565743420_0001/container_1569565743420_0001_01_000001/stdout'
removed directory: `/scratch/sxs2267/26930099/logs/userlogs/application_1569565743420_0001/container_1569565743420_0001_01_000001'
removed directory: `/scratch/sxs2267/26930099/logs/userlogs/application_1569565743420_0001'
removed directory: `/scratch/sxs2267/26930099/logs/userlogs'
removed `/scratch/sxs2267/26930099/logs/yarn-sxs2267-nodemanager-comet-22-60.sdsc.edu.log'
removed `/scratch/sxs2267/26930099/logs/hadoop-sxs2267-datanode-comet-22-60.sdsc.edu.log'
removed `/scratch/sxs2267/26930099/logs/hadoop-sxs2267-datanode-comet-22-60.sdsc.edu.out'
removed `/scratch/sxs2267/26930099/logs/hadoop-sxs2267-namenode-comet-22-60.sdsc.edu.out'
removed `/scratch/sxs2267/26930099/logs/yarn-sxs2267-resourcemanager-comet-22-60.out'
removed `/scratch/sxs2267/26930099/logs/yarn-sxs2267-nodemanager-comet-22-60.sdsc.edu.out'
removed `/scratch/sxs2267/26930099/logs/SecurityAuth-sxs2267.audit'
removed `/scratch/sxs2267/26930099/logs/hadoop-sxs2267-secondarynamenode-comet-22-60.sdsc.edu.log'
removed directory: `/scratch/sxs2267/26930099/logs'
removed directory: `/scratch/sxs2267/26930099/mapred_scratch/nmPrivate'
removed directory: `/scratch/sxs2267/26930099/mapred_scratch/usercache/sxs2267/filecache'
removed directory: `/scratch/sxs2267/26930099/mapred_scratch/usercache/sxs2267/appcache'
removed directory: `/scratch/sxs2267/26930099/mapred_scratch/usercache/sxs2267'
removed directory: `/scratch/sxs2267/26930099/mapred_scratch/usercache'
removed `/scratch/sxs2267/26930099/mapred_scratch/filecache/10/centroids.txt'
removed `/scratch/sxs2267/26930099/mapred_scratch/filecache/10/.tmp_centroids.txt.crc'
removed directory: `/scratch/sxs2267/26930099/mapred_scratch/filecache/10'
removed directory: `/scratch/sxs2267/26930099/mapred_scratch/filecache'
removed directory: `/scratch/sxs2267/26930099/mapred_scratch'
removed directory: `/scratch/sxs2267/26930099/hdfs_data/current/BP-1758183543-198.202.119.133-1569565726390/tmp'
removed `/scratch/sxs2267/26930099/hdfs_data/current/BP-1758183543-198.202.119.133-1569565726390/current/finalized/subdir0/subdir0/blk_1073741836'
removed `/scratch/sxs2267/26930099/hdfs_data/current/BP-1758183543-198.202.119.133-1569565726390/current/finalized/subdir0/subdir0/blk_1073741826_1002.meta'
removed `/scratch/sxs2267/26930099/hdfs_data/current/BP-1758183543-198.202.119.133-1569565726390/current/finalized/subdir0/subdir0/blk_1073741825'
removed `/scratch/sxs2267/26930099/hdfs_data/current/BP-1758183543-198.202.119.133-1569565726390/current/finalized/subdir0/subdir0/blk_1073741834_1010.meta'
removed `/scratch/sxs2267/26930099/hdfs_data/current/BP-1758183543-198.202.119.133-1569565726390/current/finalized/subdir0/subdir0/blk_1073741835_1011.meta'
removed `/scratch/sxs2267/26930099/hdfs_data/current/BP-1758183543-198.202.119.133-1569565726390/current/finalized/subdir0/subdir0/blk_1073741833_1009.meta'
removed `/scratch/sxs2267/26930099/hdfs_data/current/BP-1758183543-198.202.119.133-1569565726390/current/finalized/subdir0/subdir0/blk_1073741835'
removed `/scratch/sxs2267/26930099/hdfs_data/current/BP-1758183543-198.202.119.133-1569565726390/current/finalized/subdir0/subdir0/blk_1073741826'
removed `/scratch/sxs2267/26930099/hdfs_data/current/BP-1758183543-198.202.119.133-1569565726390/current/finalized/subdir0/subdir0/blk_1073741825_1001.meta'
removed `/scratch/sxs2267/26930099/hdfs_data/current/BP-1758183543-198.202.119.133-1569565726390/current/finalized/subdir0/subdir0/blk_1073741834'
removed `/scratch/sxs2267/26930099/hdfs_data/current/BP-1758183543-198.202.119.133-1569565726390/current/finalized/subdir0/subdir0/blk_1073741836_1012.meta'
removed `/scratch/sxs2267/26930099/hdfs_data/current/BP-1758183543-198.202.119.133-1569565726390/current/finalized/subdir0/subdir0/blk_1073741833'
removed directory: `/scratch/sxs2267/26930099/hdfs_data/current/BP-1758183543-198.202.119.133-1569565726390/current/finalized/subdir0/subdir0'
removed directory: `/scratch/sxs2267/26930099/hdfs_data/current/BP-1758183543-198.202.119.133-1569565726390/current/finalized/subdir0'
removed directory: `/scratch/sxs2267/26930099/hdfs_data/current/BP-1758183543-198.202.119.133-1569565726390/current/finalized'
removed directory: `/scratch/sxs2267/26930099/hdfs_data/current/BP-1758183543-198.202.119.133-1569565726390/current/rbw'
removed `/scratch/sxs2267/26930099/hdfs_data/current/BP-1758183543-198.202.119.133-1569565726390/current/dfsUsed'
removed `/scratch/sxs2267/26930099/hdfs_data/current/BP-1758183543-198.202.119.133-1569565726390/current/VERSION'
removed directory: `/scratch/sxs2267/26930099/hdfs_data/current/BP-1758183543-198.202.119.133-1569565726390/current'
removed `/scratch/sxs2267/26930099/hdfs_data/current/BP-1758183543-198.202.119.133-1569565726390/dncp_block_verification.log.curr'
removed `/scratch/sxs2267/26930099/hdfs_data/current/BP-1758183543-198.202.119.133-1569565726390/dncp_block_verification.log.prev'
removed directory: `/scratch/sxs2267/26930099/hdfs_data/current/BP-1758183543-198.202.119.133-1569565726390'
removed `/scratch/sxs2267/26930099/hdfs_data/current/VERSION'
removed directory: `/scratch/sxs2267/26930099/hdfs_data/current'
removed directory: `/scratch/sxs2267/26930099/hdfs_data'
removed directory: `/scratch/sxs2267/26930099/pids'
removed `/scratch/sxs2267/26930099/logs/yarn-sxs2267-nodemanager-comet-22-61.sdsc.edu.log'
removed `/scratch/sxs2267/26930099/logs/hadoop-sxs2267-datanode-comet-22-61.sdsc.edu.log'
removed `/scratch/sxs2267/26930099/logs/hadoop-sxs2267-datanode-comet-22-61.sdsc.edu.out'
removed `/scratch/sxs2267/26930099/logs/SecurityAuth-sxs2267.audit'
removed `/scratch/sxs2267/26930099/logs/yarn-sxs2267-nodemanager-comet-22-61.sdsc.edu.out'
removed `/scratch/sxs2267/26930099/logs/userlogs/application_1569565743420_0001/container_1569565743420_0001_01_000002/stderr'
removed `/scratch/sxs2267/26930099/logs/userlogs/application_1569565743420_0001/container_1569565743420_0001_01_000002/stdout'
removed `/scratch/sxs2267/26930099/logs/userlogs/application_1569565743420_0001/container_1569565743420_0001_01_000002/syslog'
removed directory: `/scratch/sxs2267/26930099/logs/userlogs/application_1569565743420_0001/container_1569565743420_0001_01_000002'
removed `/scratch/sxs2267/26930099/logs/userlogs/application_1569565743420_0001/container_1569565743420_0001_01_000003/stderr'
removed `/scratch/sxs2267/26930099/logs/userlogs/application_1569565743420_0001/container_1569565743420_0001_01_000003/syslog'
removed `/scratch/sxs2267/26930099/logs/userlogs/application_1569565743420_0001/container_1569565743420_0001_01_000003/stdout'
removed directory: `/scratch/sxs2267/26930099/logs/userlogs/application_1569565743420_0001/container_1569565743420_0001_01_000003'
removed directory: `/scratch/sxs2267/26930099/logs/userlogs/application_1569565743420_0001'
removed directory: `/scratch/sxs2267/26930099/logs/userlogs'
removed directory: `/scratch/sxs2267/26930099/logs'
removed directory: `/scratch/sxs2267/26930099/mapred_scratch/usercache'
removed directory: `/scratch/sxs2267/26930099/mapred_scratch/nmPrivate'
removed directory: `/scratch/sxs2267/26930099/mapred_scratch/filecache'
removed directory: `/scratch/sxs2267/26930099/mapred_scratch'
removed `/scratch/sxs2267/26930099/hdfs_data/current/VERSION'
removed `/scratch/sxs2267/26930099/hdfs_data/current/BP-1758183543-198.202.119.133-1569565726390/dncp_block_verification.log.curr'
removed `/scratch/sxs2267/26930099/hdfs_data/current/BP-1758183543-198.202.119.133-1569565726390/current/VERSION'
removed `/scratch/sxs2267/26930099/hdfs_data/current/BP-1758183543-198.202.119.133-1569565726390/current/dfsUsed'
removed directory: `/scratch/sxs2267/26930099/hdfs_data/current/BP-1758183543-198.202.119.133-1569565726390/current/rbw'
removed `/scratch/sxs2267/26930099/hdfs_data/current/BP-1758183543-198.202.119.133-1569565726390/current/finalized/subdir0/subdir0/blk_1073741833'
removed `/scratch/sxs2267/26930099/hdfs_data/current/BP-1758183543-198.202.119.133-1569565726390/current/finalized/subdir0/subdir0/blk_1073741836_1012.meta'
removed `/scratch/sxs2267/26930099/hdfs_data/current/BP-1758183543-198.202.119.133-1569565726390/current/finalized/subdir0/subdir0/blk_1073741834'
removed `/scratch/sxs2267/26930099/hdfs_data/current/BP-1758183543-198.202.119.133-1569565726390/current/finalized/subdir0/subdir0/blk_1073741825_1001.meta'
removed `/scratch/sxs2267/26930099/hdfs_data/current/BP-1758183543-198.202.119.133-1569565726390/current/finalized/subdir0/subdir0/blk_1073741835'
removed `/scratch/sxs2267/26930099/hdfs_data/current/BP-1758183543-198.202.119.133-1569565726390/current/finalized/subdir0/subdir0/blk_1073741833_1009.meta'
removed `/scratch/sxs2267/26930099/hdfs_data/current/BP-1758183543-198.202.119.133-1569565726390/current/finalized/subdir0/subdir0/blk_1073741826'
removed `/scratch/sxs2267/26930099/hdfs_data/current/BP-1758183543-198.202.119.133-1569565726390/current/finalized/subdir0/subdir0/blk_1073741835_1011.meta'
removed `/scratch/sxs2267/26930099/hdfs_data/current/BP-1758183543-198.202.119.133-1569565726390/current/finalized/subdir0/subdir0/blk_1073741826_1002.meta'
removed `/scratch/sxs2267/26930099/hdfs_data/current/BP-1758183543-198.202.119.133-1569565726390/current/finalized/subdir0/subdir0/blk_1073741836'
removed `/scratch/sxs2267/26930099/hdfs_data/current/BP-1758183543-198.202.119.133-1569565726390/current/finalized/subdir0/subdir0/blk_1073741834_1010.meta'
removed `/scratch/sxs2267/26930099/hdfs_data/current/BP-1758183543-198.202.119.133-1569565726390/current/finalized/subdir0/subdir0/blk_1073741825'
removed directory: `/scratch/sxs2267/26930099/hdfs_data/current/BP-1758183543-198.202.119.133-1569565726390/current/finalized/subdir0/subdir0'
removed directory: `/scratch/sxs2267/26930099/hdfs_data/current/BP-1758183543-198.202.119.133-1569565726390/current/finalized/subdir0'
removed directory: `/scratch/sxs2267/26930099/hdfs_data/current/BP-1758183543-198.202.119.133-1569565726390/current/finalized'
removed directory: `/scratch/sxs2267/26930099/hdfs_data/current/BP-1758183543-198.202.119.133-1569565726390/current'
removed `/scratch/sxs2267/26930099/hdfs_data/current/BP-1758183543-198.202.119.133-1569565726390/dncp_block_verification.log.prev'
removed directory: `/scratch/sxs2267/26930099/hdfs_data/current/BP-1758183543-198.202.119.133-1569565726390/tmp'
removed directory: `/scratch/sxs2267/26930099/hdfs_data/current/BP-1758183543-198.202.119.133-1569565726390'
removed directory: `/scratch/sxs2267/26930099/hdfs_data/current'
removed directory: `/scratch/sxs2267/26930099/hdfs_data'
removed directory: `/scratch/sxs2267/26930099/pids'
removed `/scratch/sxs2267/26930099/logs/yarn-sxs2267-nodemanager-comet-22-62.sdsc.edu.out'
removed `/scratch/sxs2267/26930099/logs/SecurityAuth-sxs2267.audit'
removed `/scratch/sxs2267/26930099/logs/hadoop-sxs2267-datanode-comet-22-62.sdsc.edu.log'
removed `/scratch/sxs2267/26930099/logs/hadoop-sxs2267-datanode-comet-22-62.sdsc.edu.out'
removed `/scratch/sxs2267/26930099/logs/yarn-sxs2267-nodemanager-comet-22-62.sdsc.edu.log'
removed directory: `/scratch/sxs2267/26930099/logs/userlogs'
removed directory: `/scratch/sxs2267/26930099/logs'
removed directory: `/tmp/Jetty_comet.22.60_ibnet_50090_secondary____.ca1wfl/jsp'
removed directory: `/tmp/Jetty_comet.22.60_ibnet_50090_secondary____.ca1wfl/.active'
removed directory: `/tmp/Jetty_comet.22.60_ibnet_50090_secondary____.ca1wfl'
removed directory: `/tmp/Jetty_0_0_0_0_50070_hdfs____w2cu08/jsp'
removed directory: `/tmp/Jetty_0_0_0_0_50070_hdfs____w2cu08/.active'
removed directory: `/tmp/Jetty_0_0_0_0_50070_hdfs____w2cu08'
removed directory: `/tmp/Jetty_0_0_0_0_50075_datanode____hwtdwq_3884046634140835854/jsp'
removed directory: `/tmp/Jetty_0_0_0_0_50075_datanode____hwtdwq_3884046634140835854/.active'
removed directory: `/tmp/Jetty_0_0_0_0_50075_datanode____hwtdwq_3884046634140835854'
