Evaluating Simple.java:
2019-09-22 14:00:06,026 WARN  [main] util.NativeCodeLoader (NativeCodeLoader.java:<clinit>(62)) - Unable to load native-hadoop library for your platform... using builtin-java classes where applicable
2019-09-22 14:00:06,356 INFO  [main] Configuration.deprecation (Configuration.java:warnOnceIfDeprecated(1049)) - session.id is deprecated. Instead, use dfs.metrics.session-id
2019-09-22 14:00:06,357 INFO  [main] jvm.JvmMetrics (JvmMetrics.java:init(76)) - Initializing JVM Metrics with processName=JobTracker, sessionId=
2019-09-22 14:00:06,791 WARN  [main] mapreduce.JobSubmitter (JobSubmitter.java:copyAndConfigureFiles(153)) - Hadoop command-line option parsing not performed. Implement the Tool interface and execute your application with ToolRunner to remedy this.
2019-09-22 14:00:06,829 INFO  [main] input.FileInputFormat (FileInputFormat.java:listStatus(281)) - Total input paths to process : 1
2019-09-22 14:00:06,890 INFO  [main] mapreduce.JobSubmitter (JobSubmitter.java:submitJobInternal(494)) - number of splits:1
2019-09-22 14:00:07,074 INFO  [main] mapreduce.JobSubmitter (JobSubmitter.java:printTokens(583)) - Submitting tokens for job: job_local426051363_0001
2019-09-22 14:00:07,564 INFO  [main] mapreduce.Job (Job.java:submit(1300)) - The url to track the job: http://localhost:8080/
2019-09-22 14:00:07,566 INFO  [main] mapreduce.Job (Job.java:monitorAndPrintJob(1345)) - Running job: job_local426051363_0001
2019-09-22 14:00:07,570 INFO  [Thread-13] mapred.LocalJobRunner (LocalJobRunner.java:createOutputCommitter(471)) - OutputCommitter set in config null
2019-09-22 14:00:07,595 INFO  [Thread-13] mapred.LocalJobRunner (LocalJobRunner.java:createOutputCommitter(489)) - OutputCommitter is org.apache.hadoop.mapreduce.lib.output.FileOutputCommitter
2019-09-22 14:00:07,753 INFO  [Thread-13] mapred.LocalJobRunner (LocalJobRunner.java:runTasks(448)) - Waiting for map tasks
2019-09-22 14:00:07,754 INFO  [LocalJobRunner Map Task Executor #0] mapred.LocalJobRunner (LocalJobRunner.java:run(224)) - Starting task: attempt_local426051363_0001_m_000000_0
2019-09-22 14:00:07,857 INFO  [LocalJobRunner Map Task Executor #0] mapred.Task (Task.java:initialize(587)) -  Using ResourceCalculatorProcessTree : [ ]
2019-09-22 14:00:07,860 INFO  [LocalJobRunner Map Task Executor #0] mapred.MapTask (MapTask.java:runNewMapper(753)) - Processing split: file:/home/sxs2267/project1/examples/simple.txt:0+30
2019-09-22 14:00:08,023 INFO  [LocalJobRunner Map Task Executor #0] mapred.MapTask (MapTask.java:setEquator(1202)) - (EQUATOR) 0 kvi 26214396(104857584)
2019-09-22 14:00:08,035 INFO  [LocalJobRunner Map Task Executor #0] mapred.MapTask (MapTask.java:init(995)) - mapreduce.task.io.sort.mb: 100
2019-09-22 14:00:08,036 INFO  [LocalJobRunner Map Task Executor #0] mapred.MapTask (MapTask.java:init(996)) - soft limit at 83886080
2019-09-22 14:00:08,036 INFO  [LocalJobRunner Map Task Executor #0] mapred.MapTask (MapTask.java:init(997)) - bufstart = 0; bufvoid = 104857600
2019-09-22 14:00:08,036 INFO  [LocalJobRunner Map Task Executor #0] mapred.MapTask (MapTask.java:init(998)) - kvstart = 26214396; length = 6553600
2019-09-22 14:00:08,072 INFO  [LocalJobRunner Map Task Executor #0] mapred.MapTask (MapTask.java:createSortingCollector(402)) - Map output collector class = org.apache.hadoop.mapred.MapTask$MapOutputBuffer
2019-09-22 14:00:08,209 INFO  [LocalJobRunner Map Task Executor #0] mapred.LocalJobRunner (LocalJobRunner.java:statusUpdate(591)) - 
2019-09-22 14:00:08,214 INFO  [LocalJobRunner Map Task Executor #0] mapred.MapTask (MapTask.java:flush(1457)) - Starting flush of map output
2019-09-22 14:00:08,214 INFO  [LocalJobRunner Map Task Executor #0] mapred.MapTask (MapTask.java:flush(1475)) - Spilling map output
2019-09-22 14:00:08,214 INFO  [LocalJobRunner Map Task Executor #0] mapred.MapTask (MapTask.java:flush(1476)) - bufstart = 0; bufend = 60; bufvoid = 104857600
2019-09-22 14:00:08,214 INFO  [LocalJobRunner Map Task Executor #0] mapred.MapTask (MapTask.java:flush(1478)) - kvstart = 26214396(104857584); kvend = 26214380(104857520); length = 17/6553600
2019-09-22 14:00:08,233 INFO  [LocalJobRunner Map Task Executor #0] mapred.MapTask (MapTask.java:sortAndSpill(1660)) - Finished spill 0
2019-09-22 14:00:08,245 INFO  [LocalJobRunner Map Task Executor #0] mapred.Task (Task.java:done(1001)) - Task:attempt_local426051363_0001_m_000000_0 is done. And is in the process of committing
2019-09-22 14:00:08,271 INFO  [LocalJobRunner Map Task Executor #0] mapred.LocalJobRunner (LocalJobRunner.java:statusUpdate(591)) - map
2019-09-22 14:00:08,271 INFO  [LocalJobRunner Map Task Executor #0] mapred.Task (Task.java:sendDone(1121)) - Task 'attempt_local426051363_0001_m_000000_0' done.
2019-09-22 14:00:08,272 INFO  [LocalJobRunner Map Task Executor #0] mapred.LocalJobRunner (LocalJobRunner.java:run(249)) - Finishing task: attempt_local426051363_0001_m_000000_0
2019-09-22 14:00:08,272 INFO  [Thread-13] mapred.LocalJobRunner (LocalJobRunner.java:runTasks(456)) - map task executor complete.
2019-09-22 14:00:08,289 INFO  [Thread-13] mapred.LocalJobRunner (LocalJobRunner.java:runTasks(448)) - Waiting for reduce tasks
2019-09-22 14:00:08,290 INFO  [pool-3-thread-1] mapred.LocalJobRunner (LocalJobRunner.java:run(302)) - Starting task: attempt_local426051363_0001_r_000000_0
2019-09-22 14:00:08,305 INFO  [pool-3-thread-1] mapred.Task (Task.java:initialize(587)) -  Using ResourceCalculatorProcessTree : [ ]
2019-09-22 14:00:08,308 INFO  [pool-3-thread-1] mapred.ReduceTask (ReduceTask.java:run(362)) - Using ShuffleConsumerPlugin: org.apache.hadoop.mapreduce.task.reduce.Shuffle@69adc619
2019-09-22 14:00:08,321 INFO  [pool-3-thread-1] reduce.MergeManagerImpl (MergeManagerImpl.java:<init>(196)) - MergerManager: memoryLimit=703542080, maxSingleShuffleLimit=175885520, mergeThreshold=464337792, ioSortFactor=10, memToMemMergeOutputsThreshold=10
2019-09-22 14:00:08,338 INFO  [EventFetcher for fetching Map Completion Events] reduce.EventFetcher (EventFetcher.java:run(61)) - attempt_local426051363_0001_r_000000_0 Thread started: EventFetcher for fetching Map Completion Events
2019-09-22 14:00:08,440 INFO  [localfetcher#1] reduce.LocalFetcher (LocalFetcher.java:copyMapOutput(141)) - localfetcher#1 about to shuffle output of map attempt_local426051363_0001_m_000000_0 decomp: 72 len: 76 to MEMORY
2019-09-22 14:00:08,445 INFO  [localfetcher#1] reduce.InMemoryMapOutput (InMemoryMapOutput.java:shuffle(100)) - Read 72 bytes from map-output for attempt_local426051363_0001_m_000000_0
2019-09-22 14:00:08,495 INFO  [localfetcher#1] reduce.MergeManagerImpl (MergeManagerImpl.java:closeInMemoryFile(314)) - closeInMemoryFile -> map-output of size: 72, inMemoryMapOutputs.size() -> 1, commitMemory -> 0, usedMemory ->72
2019-09-22 14:00:08,518 INFO  [EventFetcher for fetching Map Completion Events] reduce.EventFetcher (EventFetcher.java:run(76)) - EventFetcher is interrupted.. Returning
2019-09-22 14:00:08,519 INFO  [pool-3-thread-1] mapred.LocalJobRunner (LocalJobRunner.java:statusUpdate(591)) - 1 / 1 copied.
2019-09-22 14:00:08,519 INFO  [pool-3-thread-1] reduce.MergeManagerImpl (MergeManagerImpl.java:finalMerge(674)) - finalMerge called with 1 in-memory map-outputs and 0 on-disk map-outputs
2019-09-22 14:00:08,527 INFO  [pool-3-thread-1] mapred.Merger (Merger.java:merge(597)) - Merging 1 sorted segments
2019-09-22 14:00:08,528 INFO  [pool-3-thread-1] mapred.Merger (Merger.java:merge(696)) - Down to the last merge-pass, with 1 segments left of total size: 66 bytes
2019-09-22 14:00:08,528 INFO  [pool-3-thread-1] reduce.MergeManagerImpl (MergeManagerImpl.java:finalMerge(751)) - Merged 1 segments, 72 bytes to disk to satisfy reduce memory limit
2019-09-22 14:00:08,529 INFO  [pool-3-thread-1] reduce.MergeManagerImpl (MergeManagerImpl.java:finalMerge(781)) - Merging 1 files, 76 bytes from disk
2019-09-22 14:00:08,529 INFO  [pool-3-thread-1] reduce.MergeManagerImpl (MergeManagerImpl.java:finalMerge(796)) - Merging 0 segments, 0 bytes from memory into reduce
2019-09-22 14:00:08,530 INFO  [pool-3-thread-1] mapred.Merger (Merger.java:merge(597)) - Merging 1 sorted segments
2019-09-22 14:00:08,530 INFO  [pool-3-thread-1] mapred.Merger (Merger.java:merge(696)) - Down to the last merge-pass, with 1 segments left of total size: 66 bytes
2019-09-22 14:00:08,531 INFO  [pool-3-thread-1] mapred.LocalJobRunner (LocalJobRunner.java:statusUpdate(591)) - 1 / 1 copied.
2019-09-22 14:00:08,568 INFO  [main] mapreduce.Job (Job.java:monitorAndPrintJob(1366)) - Job job_local426051363_0001 running in uber mode : false
2019-09-22 14:00:08,569 INFO  [main] mapreduce.Job (Job.java:monitorAndPrintJob(1373)) -  map 100% reduce 0%
2019-09-22 14:00:08,594 INFO  [pool-3-thread-1] Configuration.deprecation (Configuration.java:warnOnceIfDeprecated(1049)) - mapred.skip.on is deprecated. Instead, use mapreduce.job.skiprecords
2019-09-22 14:00:08,602 INFO  [pool-3-thread-1] mapred.Task (Task.java:done(1001)) - Task:attempt_local426051363_0001_r_000000_0 is done. And is in the process of committing
2019-09-22 14:00:08,607 INFO  [pool-3-thread-1] mapred.LocalJobRunner (LocalJobRunner.java:statusUpdate(591)) - 1 / 1 copied.
2019-09-22 14:00:08,607 INFO  [pool-3-thread-1] mapred.Task (Task.java:commit(1162)) - Task attempt_local426051363_0001_r_000000_0 is allowed to commit now
2019-09-22 14:00:08,621 INFO  [pool-3-thread-1] output.FileOutputCommitter (FileOutputCommitter.java:commitTask(439)) - Saved output of task 'attempt_local426051363_0001_r_000000_0' to file:/home/sxs2267/project1/examples/output-simple/_temporary/0/task_local426051363_0001_r_000000
2019-09-22 14:00:08,622 INFO  [pool-3-thread-1] mapred.LocalJobRunner (LocalJobRunner.java:statusUpdate(591)) - reduce > reduce
2019-09-22 14:00:08,622 INFO  [pool-3-thread-1] mapred.Task (Task.java:sendDone(1121)) - Task 'attempt_local426051363_0001_r_000000_0' done.
2019-09-22 14:00:08,622 INFO  [pool-3-thread-1] mapred.LocalJobRunner (LocalJobRunner.java:run(325)) - Finishing task: attempt_local426051363_0001_r_000000_0
2019-09-22 14:00:08,624 INFO  [Thread-13] mapred.LocalJobRunner (LocalJobRunner.java:runTasks(456)) - reduce task executor complete.
2019-09-22 14:00:09,570 INFO  [main] mapreduce.Job (Job.java:monitorAndPrintJob(1373)) -  map 100% reduce 100%
2019-09-22 14:00:09,571 INFO  [main] mapreduce.Job (Job.java:monitorAndPrintJob(1384)) - Job job_local426051363_0001 completed successfully
2019-09-22 14:00:09,604 INFO  [main] mapreduce.Job (Job.java:monitorAndPrintJob(1391)) - Counters: 33
	File System Counters
		FILE: Number of bytes read=19322
		FILE: Number of bytes written=526252
		FILE: Number of read operations=0
		FILE: Number of large read operations=0
		FILE: Number of write operations=0
	Map-Reduce Framework
		Map input records=5
		Map output records=5
		Map output bytes=60
		Map output materialized bytes=76
		Input split bytes=112
		Combine input records=0
		Combine output records=0
		Reduce input groups=3
		Reduce shuffle bytes=76
		Reduce input records=5
		Reduce output records=3
		Spilled Records=10
		Shuffled Maps =1
		Failed Shuffles=0
		Merged Map outputs=1
		GC time elapsed (ms)=97
		CPU time spent (ms)=0
		Physical memory (bytes) snapshot=0
		Virtual memory (bytes) snapshot=0
		Total committed heap usage (bytes)=2010120192
	Shuffle Errors
		BAD_ID=0
		CONNECTION=0
		IO_ERROR=0
		WRONG_LENGTH=0
		WRONG_MAP=0
		WRONG_REDUCE=0
	File Input Format Counters 
		Bytes Read=30
	File Output Format Counters 
		Bytes Written=30
Evaluating Join.java:
2019-09-22 14:00:11,367 WARN  [main] util.NativeCodeLoader (NativeCodeLoader.java:<clinit>(62)) - Unable to load native-hadoop library for your platform... using builtin-java classes where applicable
2019-09-22 14:00:11,683 INFO  [main] Configuration.deprecation (Configuration.java:warnOnceIfDeprecated(1049)) - session.id is deprecated. Instead, use dfs.metrics.session-id
2019-09-22 14:00:11,684 INFO  [main] jvm.JvmMetrics (JvmMetrics.java:init(76)) - Initializing JVM Metrics with processName=JobTracker, sessionId=
2019-09-22 14:00:12,057 WARN  [main] mapreduce.JobSubmitter (JobSubmitter.java:copyAndConfigureFiles(153)) - Hadoop command-line option parsing not performed. Implement the Tool interface and execute your application with ToolRunner to remedy this.
2019-09-22 14:00:12,106 INFO  [main] input.FileInputFormat (FileInputFormat.java:listStatus(281)) - Total input paths to process : 1
2019-09-22 14:00:12,131 INFO  [main] input.FileInputFormat (FileInputFormat.java:listStatus(281)) - Total input paths to process : 1
2019-09-22 14:00:12,161 INFO  [main] mapreduce.JobSubmitter (JobSubmitter.java:submitJobInternal(494)) - number of splits:2
2019-09-22 14:00:12,395 INFO  [main] mapreduce.JobSubmitter (JobSubmitter.java:printTokens(583)) - Submitting tokens for job: job_local392589555_0001
2019-09-22 14:00:12,862 INFO  [main] mapreduce.Job (Job.java:submit(1300)) - The url to track the job: http://localhost:8080/
2019-09-22 14:00:12,863 INFO  [main] mapreduce.Job (Job.java:monitorAndPrintJob(1345)) - Running job: job_local392589555_0001
2019-09-22 14:00:12,867 INFO  [Thread-13] mapred.LocalJobRunner (LocalJobRunner.java:createOutputCommitter(471)) - OutputCommitter set in config null
2019-09-22 14:00:12,881 INFO  [Thread-13] mapred.LocalJobRunner (LocalJobRunner.java:createOutputCommitter(489)) - OutputCommitter is org.apache.hadoop.mapreduce.lib.output.FileOutputCommitter
2019-09-22 14:00:13,040 INFO  [Thread-13] mapred.LocalJobRunner (LocalJobRunner.java:runTasks(448)) - Waiting for map tasks
2019-09-22 14:00:13,041 INFO  [LocalJobRunner Map Task Executor #0] mapred.LocalJobRunner (LocalJobRunner.java:run(224)) - Starting task: attempt_local392589555_0001_m_000000_0
2019-09-22 14:00:13,121 INFO  [LocalJobRunner Map Task Executor #0] mapred.Task (Task.java:initialize(587)) -  Using ResourceCalculatorProcessTree : [ ]
2019-09-22 14:00:13,124 INFO  [LocalJobRunner Map Task Executor #0] mapred.MapTask (MapTask.java:runNewMapper(753)) - Processing split: file:/home/sxs2267/project1/examples/e.txt:0+64
2019-09-22 14:00:13,308 INFO  [LocalJobRunner Map Task Executor #0] mapred.MapTask (MapTask.java:setEquator(1202)) - (EQUATOR) 0 kvi 26214396(104857584)
2019-09-22 14:00:13,308 INFO  [LocalJobRunner Map Task Executor #0] mapred.MapTask (MapTask.java:init(995)) - mapreduce.task.io.sort.mb: 100
2019-09-22 14:00:13,309 INFO  [LocalJobRunner Map Task Executor #0] mapred.MapTask (MapTask.java:init(996)) - soft limit at 83886080
2019-09-22 14:00:13,309 INFO  [LocalJobRunner Map Task Executor #0] mapred.MapTask (MapTask.java:init(997)) - bufstart = 0; bufvoid = 104857600
2019-09-22 14:00:13,309 INFO  [LocalJobRunner Map Task Executor #0] mapred.MapTask (MapTask.java:init(998)) - kvstart = 26214396; length = 6553600
2019-09-22 14:00:13,342 INFO  [LocalJobRunner Map Task Executor #0] mapred.MapTask (MapTask.java:createSortingCollector(402)) - Map output collector class = org.apache.hadoop.mapred.MapTask$MapOutputBuffer
2019-09-22 14:00:13,394 INFO  [LocalJobRunner Map Task Executor #0] mapred.LocalJobRunner (LocalJobRunner.java:statusUpdate(591)) - 
2019-09-22 14:00:13,394 INFO  [LocalJobRunner Map Task Executor #0] mapred.MapTask (MapTask.java:flush(1457)) - Starting flush of map output
2019-09-22 14:00:13,394 INFO  [LocalJobRunner Map Task Executor #0] mapred.MapTask (MapTask.java:flush(1475)) - Spilling map output
2019-09-22 14:00:13,394 INFO  [LocalJobRunner Map Task Executor #0] mapred.MapTask (MapTask.java:flush(1476)) - bufstart = 0; bufend = 94; bufvoid = 104857600
2019-09-22 14:00:13,394 INFO  [LocalJobRunner Map Task Executor #0] mapred.MapTask (MapTask.java:flush(1478)) - kvstart = 26214396(104857584); kvend = 26214388(104857552); length = 9/6553600
2019-09-22 14:00:13,402 INFO  [LocalJobRunner Map Task Executor #0] mapred.MapTask (MapTask.java:sortAndSpill(1660)) - Finished spill 0
2019-09-22 14:00:13,428 INFO  [LocalJobRunner Map Task Executor #0] mapred.Task (Task.java:done(1001)) - Task:attempt_local392589555_0001_m_000000_0 is done. And is in the process of committing
2019-09-22 14:00:13,443 INFO  [LocalJobRunner Map Task Executor #0] mapred.LocalJobRunner (LocalJobRunner.java:statusUpdate(591)) - map
2019-09-22 14:00:13,444 INFO  [LocalJobRunner Map Task Executor #0] mapred.Task (Task.java:sendDone(1121)) - Task 'attempt_local392589555_0001_m_000000_0' done.
2019-09-22 14:00:13,444 INFO  [LocalJobRunner Map Task Executor #0] mapred.LocalJobRunner (LocalJobRunner.java:run(249)) - Finishing task: attempt_local392589555_0001_m_000000_0
2019-09-22 14:00:13,444 INFO  [LocalJobRunner Map Task Executor #0] mapred.LocalJobRunner (LocalJobRunner.java:run(224)) - Starting task: attempt_local392589555_0001_m_000001_0
2019-09-22 14:00:13,448 INFO  [LocalJobRunner Map Task Executor #0] mapred.Task (Task.java:initialize(587)) -  Using ResourceCalculatorProcessTree : [ ]
2019-09-22 14:00:13,452 INFO  [LocalJobRunner Map Task Executor #0] mapred.MapTask (MapTask.java:runNewMapper(753)) - Processing split: file:/home/sxs2267/project1/examples/d.txt:0+11
2019-09-22 14:00:13,477 INFO  [LocalJobRunner Map Task Executor #0] mapred.MapTask (MapTask.java:setEquator(1202)) - (EQUATOR) 0 kvi 26214396(104857584)
2019-09-22 14:00:13,477 INFO  [LocalJobRunner Map Task Executor #0] mapred.MapTask (MapTask.java:init(995)) - mapreduce.task.io.sort.mb: 100
2019-09-22 14:00:13,477 INFO  [LocalJobRunner Map Task Executor #0] mapred.MapTask (MapTask.java:init(996)) - soft limit at 83886080
2019-09-22 14:00:13,478 INFO  [LocalJobRunner Map Task Executor #0] mapred.MapTask (MapTask.java:init(997)) - bufstart = 0; bufvoid = 104857600
2019-09-22 14:00:13,478 INFO  [LocalJobRunner Map Task Executor #0] mapred.MapTask (MapTask.java:init(998)) - kvstart = 26214396; length = 6553600
2019-09-22 14:00:13,478 INFO  [LocalJobRunner Map Task Executor #0] mapred.MapTask (MapTask.java:createSortingCollector(402)) - Map output collector class = org.apache.hadoop.mapred.MapTask$MapOutputBuffer
2019-09-22 14:00:13,494 INFO  [LocalJobRunner Map Task Executor #0] mapred.LocalJobRunner (LocalJobRunner.java:statusUpdate(591)) - 
2019-09-22 14:00:13,496 INFO  [LocalJobRunner Map Task Executor #0] mapred.MapTask (MapTask.java:flush(1457)) - Starting flush of map output
2019-09-22 14:00:13,496 INFO  [LocalJobRunner Map Task Executor #0] mapred.MapTask (MapTask.java:flush(1475)) - Spilling map output
2019-09-22 14:00:13,496 INFO  [LocalJobRunner Map Task Executor #0] mapred.MapTask (MapTask.java:flush(1476)) - bufstart = 0; bufend = 29; bufvoid = 104857600
2019-09-22 14:00:13,497 INFO  [LocalJobRunner Map Task Executor #0] mapred.MapTask (MapTask.java:flush(1478)) - kvstart = 26214396(104857584); kvend = 26214392(104857568); length = 5/6553600
2019-09-22 14:00:13,503 INFO  [LocalJobRunner Map Task Executor #0] mapred.MapTask (MapTask.java:sortAndSpill(1660)) - Finished spill 0
2019-09-22 14:00:13,511 INFO  [LocalJobRunner Map Task Executor #0] mapred.Task (Task.java:done(1001)) - Task:attempt_local392589555_0001_m_000001_0 is done. And is in the process of committing
2019-09-22 14:00:13,514 INFO  [LocalJobRunner Map Task Executor #0] mapred.LocalJobRunner (LocalJobRunner.java:statusUpdate(591)) - map
2019-09-22 14:00:13,515 INFO  [LocalJobRunner Map Task Executor #0] mapred.Task (Task.java:sendDone(1121)) - Task 'attempt_local392589555_0001_m_000001_0' done.
2019-09-22 14:00:13,515 INFO  [LocalJobRunner Map Task Executor #0] mapred.LocalJobRunner (LocalJobRunner.java:run(249)) - Finishing task: attempt_local392589555_0001_m_000001_0
2019-09-22 14:00:13,516 INFO  [Thread-13] mapred.LocalJobRunner (LocalJobRunner.java:runTasks(456)) - map task executor complete.
2019-09-22 14:00:13,519 INFO  [Thread-13] mapred.LocalJobRunner (LocalJobRunner.java:runTasks(448)) - Waiting for reduce tasks
2019-09-22 14:00:13,520 INFO  [pool-3-thread-1] mapred.LocalJobRunner (LocalJobRunner.java:run(302)) - Starting task: attempt_local392589555_0001_r_000000_0
2019-09-22 14:00:13,527 INFO  [pool-3-thread-1] mapred.Task (Task.java:initialize(587)) -  Using ResourceCalculatorProcessTree : [ ]
2019-09-22 14:00:13,529 INFO  [pool-3-thread-1] mapred.ReduceTask (ReduceTask.java:run(362)) - Using ShuffleConsumerPlugin: org.apache.hadoop.mapreduce.task.reduce.Shuffle@58c81c4a
2019-09-22 14:00:13,552 INFO  [pool-3-thread-1] reduce.MergeManagerImpl (MergeManagerImpl.java:<init>(196)) - MergerManager: memoryLimit=703542080, maxSingleShuffleLimit=175885520, mergeThreshold=464337792, ioSortFactor=10, memToMemMergeOutputsThreshold=10
2019-09-22 14:00:13,569 INFO  [EventFetcher for fetching Map Completion Events] reduce.EventFetcher (EventFetcher.java:run(61)) - attempt_local392589555_0001_r_000000_0 Thread started: EventFetcher for fetching Map Completion Events
2019-09-22 14:00:13,663 INFO  [localfetcher#1] reduce.LocalFetcher (LocalFetcher.java:copyMapOutput(141)) - localfetcher#1 about to shuffle output of map attempt_local392589555_0001_m_000001_0 decomp: 35 len: 39 to MEMORY
2019-09-22 14:00:13,667 INFO  [localfetcher#1] reduce.InMemoryMapOutput (InMemoryMapOutput.java:shuffle(100)) - Read 35 bytes from map-output for attempt_local392589555_0001_m_000001_0
2019-09-22 14:00:13,713 INFO  [localfetcher#1] reduce.MergeManagerImpl (MergeManagerImpl.java:closeInMemoryFile(314)) - closeInMemoryFile -> map-output of size: 35, inMemoryMapOutputs.size() -> 1, commitMemory -> 0, usedMemory ->35
2019-09-22 14:00:13,737 INFO  [localfetcher#1] reduce.LocalFetcher (LocalFetcher.java:copyMapOutput(141)) - localfetcher#1 about to shuffle output of map attempt_local392589555_0001_m_000000_0 decomp: 102 len: 106 to MEMORY
2019-09-22 14:00:13,737 INFO  [localfetcher#1] reduce.InMemoryMapOutput (InMemoryMapOutput.java:shuffle(100)) - Read 102 bytes from map-output for attempt_local392589555_0001_m_000000_0
2019-09-22 14:00:13,738 INFO  [localfetcher#1] reduce.MergeManagerImpl (MergeManagerImpl.java:closeInMemoryFile(314)) - closeInMemoryFile -> map-output of size: 102, inMemoryMapOutputs.size() -> 2, commitMemory -> 35, usedMemory ->137
2019-09-22 14:00:13,739 INFO  [EventFetcher for fetching Map Completion Events] reduce.EventFetcher (EventFetcher.java:run(76)) - EventFetcher is interrupted.. Returning
2019-09-22 14:00:13,740 INFO  [pool-3-thread-1] mapred.LocalJobRunner (LocalJobRunner.java:statusUpdate(591)) - 2 / 2 copied.
2019-09-22 14:00:13,740 INFO  [pool-3-thread-1] reduce.MergeManagerImpl (MergeManagerImpl.java:finalMerge(674)) - finalMerge called with 2 in-memory map-outputs and 0 on-disk map-outputs
2019-09-22 14:00:13,748 INFO  [pool-3-thread-1] mapred.Merger (Merger.java:merge(597)) - Merging 2 sorted segments
2019-09-22 14:00:13,749 INFO  [pool-3-thread-1] mapred.Merger (Merger.java:merge(696)) - Down to the last merge-pass, with 2 segments left of total size: 125 bytes
2019-09-22 14:00:13,749 INFO  [pool-3-thread-1] reduce.MergeManagerImpl (MergeManagerImpl.java:finalMerge(751)) - Merged 2 segments, 137 bytes to disk to satisfy reduce memory limit
2019-09-22 14:00:13,750 INFO  [pool-3-thread-1] reduce.MergeManagerImpl (MergeManagerImpl.java:finalMerge(781)) - Merging 1 files, 139 bytes from disk
2019-09-22 14:00:13,750 INFO  [pool-3-thread-1] reduce.MergeManagerImpl (MergeManagerImpl.java:finalMerge(796)) - Merging 0 segments, 0 bytes from memory into reduce
2019-09-22 14:00:13,750 INFO  [pool-3-thread-1] mapred.Merger (Merger.java:merge(597)) - Merging 1 sorted segments
2019-09-22 14:00:13,751 INFO  [pool-3-thread-1] mapred.Merger (Merger.java:merge(696)) - Down to the last merge-pass, with 1 segments left of total size: 129 bytes
2019-09-22 14:00:13,751 INFO  [pool-3-thread-1] mapred.LocalJobRunner (LocalJobRunner.java:statusUpdate(591)) - 2 / 2 copied.
2019-09-22 14:00:13,783 INFO  [pool-3-thread-1] Configuration.deprecation (Configuration.java:warnOnceIfDeprecated(1049)) - mapred.skip.on is deprecated. Instead, use mapreduce.job.skiprecords
2019-09-22 14:00:13,797 INFO  [pool-3-thread-1] mapred.Task (Task.java:done(1001)) - Task:attempt_local392589555_0001_r_000000_0 is done. And is in the process of committing
2019-09-22 14:00:13,798 INFO  [pool-3-thread-1] mapred.LocalJobRunner (LocalJobRunner.java:statusUpdate(591)) - 2 / 2 copied.
2019-09-22 14:00:13,799 INFO  [pool-3-thread-1] mapred.Task (Task.java:commit(1162)) - Task attempt_local392589555_0001_r_000000_0 is allowed to commit now
2019-09-22 14:00:13,801 INFO  [pool-3-thread-1] output.FileOutputCommitter (FileOutputCommitter.java:commitTask(439)) - Saved output of task 'attempt_local392589555_0001_r_000000_0' to file:/home/sxs2267/project1/examples/output-join/_temporary/0/task_local392589555_0001_r_000000
2019-09-22 14:00:13,802 INFO  [pool-3-thread-1] mapred.LocalJobRunner (LocalJobRunner.java:statusUpdate(591)) - reduce > reduce
2019-09-22 14:00:13,802 INFO  [pool-3-thread-1] mapred.Task (Task.java:sendDone(1121)) - Task 'attempt_local392589555_0001_r_000000_0' done.
2019-09-22 14:00:13,802 INFO  [pool-3-thread-1] mapred.LocalJobRunner (LocalJobRunner.java:run(325)) - Finishing task: attempt_local392589555_0001_r_000000_0
2019-09-22 14:00:13,802 INFO  [Thread-13] mapred.LocalJobRunner (LocalJobRunner.java:runTasks(456)) - reduce task executor complete.
2019-09-22 14:00:13,865 INFO  [main] mapreduce.Job (Job.java:monitorAndPrintJob(1366)) - Job job_local392589555_0001 running in uber mode : false
2019-09-22 14:00:13,866 INFO  [main] mapreduce.Job (Job.java:monitorAndPrintJob(1373)) -  map 100% reduce 100%
2019-09-22 14:00:13,867 INFO  [main] mapreduce.Job (Job.java:monitorAndPrintJob(1384)) - Job job_local392589555_0001 completed successfully
2019-09-22 14:00:13,916 INFO  [main] mapreduce.Job (Job.java:monitorAndPrintJob(1391)) - Counters: 33
	File System Counters
		FILE: Number of bytes read=31293
		FILE: Number of bytes written=791454
		FILE: Number of read operations=0
		FILE: Number of large read operations=0
		FILE: Number of write operations=0
	Map-Reduce Framework
		Map input records=5
		Map output records=5
		Map output bytes=123
		Map output materialized bytes=145
		Input split bytes=474
		Combine input records=0
		Combine output records=0
		Reduce input groups=2
		Reduce shuffle bytes=145
		Reduce input records=5
		Reduce output records=3
		Spilled Records=10
		Shuffled Maps =2
		Failed Shuffles=0
		Merged Map outputs=2
		GC time elapsed (ms)=137
		CPU time spent (ms)=0
		Physical memory (bytes) snapshot=0
		Virtual memory (bytes) snapshot=0
		Total committed heap usage (bytes)=3015180288
	Shuffle Errors
		BAD_ID=0
		CONNECTION=0
		IO_ERROR=0
		WRONG_LENGTH=0
		WRONG_MAP=0
		WRONG_REDUCE=0
	File Input Format Counters 
		Bytes Read=0
	File Output Format Counters 
		Bytes Written=46
